[32minfo[39m: [32mServer is listening on port 8000[39m
[32minfo[39m: [32mServer is listening on port 8000[39m
[32minfo[39m: [32mDatabase connected...[39m
[32minfo[39m: [32mServer is listening on port 8000[39m
[32minfo[39m: [32mServer is listening on port 8000[39m
[32minfo[39m: [32mDatabase connected...[39m
[32minfo[39m: [32mServer is listening on port 8000[39m
[32minfo[39m: [32mDatabase connected...[39m
[32minfo[39m: [32mServer is listening on port 8000[39m
[32minfo[39m: [32mServer is listening on port 8000[39m
[32minfo[39m: [32mDatabase connected...[39m
[32minfo[39m: [32mServer is listening on port 8000[39m
[32minfo[39m: [32mDatabase connected...[39m
[32minfo[39m: [32mServer is listening on port 8000[39m
[32minfo[39m: [32mDatabase connected...[39m
[32minfo[39m: [32mServer is listening on port 8000[39m
[32minfo[39m: [32mDatabase connected...[39m
[32minfo[39m: [32mServer is listening on port 8000[39m
[32minfo[39m: [32mDatabase connected...[39m
[32minfo[39m: [32mServer is listening on port 8000[39m
[32minfo[39m: [32mDatabase connected...[39m
[32minfo[39m: [32mServer is listening on port 8000[39m
[32minfo[39m: [32mDatabase connected...[39m
[32minfo[39m: [32mServer is listening on port 8000[39m
[32minfo[39m: [32mDatabase connected...[39m
[32minfo[39m: [32mServer is listening on port 8000[39m
[32minfo[39m: [32mDatabase connected...[39m
[32minfo[39m: [32mServer is listening on port 8000[39m
[32minfo[39m: [32mDatabase connected...[39m
[32minfo[39m: [32mServer is listening on port 8000[39m
[32minfo[39m: [32mDatabase connected...[39m
[32minfo[39m: [32mServer is listening on port 8000[39m
[32minfo[39m: [32mDatabase connected...[39m
[32minfo[39m: [32mServer is listening on port 8000[39m
[32minfo[39m: [32mDatabase connected...[39m
[32minfo[39m: [32mServer is listening on port 8000[39m
[32minfo[39m: [32mDatabase connected...[39m
[32minfo[39m: [32mServer is listening on port 8000[39m
[32minfo[39m: [32mDatabase connected...[39m
[32minfo[39m: [32mServer is listening on port 8000[39m
[32minfo[39m: [32mDatabase connected...[39m
[32minfo[39m: [32mServer is listening on port 8000[39m
[32minfo[39m: [32mDatabase connected...[39m
[32minfo[39m: [32mServer is listening on port 8000[39m
[32minfo[39m: [32mDatabase connected...[39m
[32minfo[39m: [32mServer is listening on port 8000[39m
[32minfo[39m: [32mDatabase connected...[39m
[32minfo[39m: [32mServer is listening on port 8000[39m
[32minfo[39m: [32mDatabase connected...[39m
[32minfo[39m: [32mServer is listening on port 8000[39m
[32minfo[39m: [32mDatabase connected...[39m
[32minfo[39m: [32mServer is listening on port 8000[39m
[32minfo[39m: [32mDatabase connected...[39m
[32minfo[39m: [32mServer is listening on port 8000[39m
[32minfo[39m: [32mDatabase connected...[39m
[32minfo[39m: [32mServer is listening on port 8000[39m
[32minfo[39m: [32mDatabase connected...[39m
[32minfo[39m: [32mServer is listening on port 8000[39m
[32minfo[39m: [32mDatabase connected...[39m
[32minfo[39m: [32mServer is listening on port 8000[39m
[32minfo[39m: [32mDatabase connected...[39m
[32minfo[39m: [32mServer is listening on port 8000[39m
[32minfo[39m: [32mDatabase connected...[39m
[32minfo[39m: [32mServer is listening on port 8000[39m
[32minfo[39m: [32mDatabase connected...[39m
[32minfo[39m: [32mServer is listening on port 8000[39m
[32minfo[39m: [32mDatabase connected...[39m
[32minfo[39m: [32mServer is listening on port 8000[39m
[32minfo[39m: [32mDatabase connected...[39m
[32minfo[39m: [32mServer is listening on port 8000[39m
[32minfo[39m: [32mDatabase connected...[39m
[32minfo[39m: [32mServer is listening on port 8000[39m
[32minfo[39m: [32mDatabase connected...[39m
[32minfo[39m: [32mServer is listening on port 8000[39m
[31merror[39m: [31m[ERROR] message: ahswrhioawerhaewr[39m
[32minfo[39m: [32mDatabase connected...[39m
[32minfo[39m: [32mServer is listening on port 8000[39m
[32minfo[39m: [32mDatabase connected...[39m
[32minfo[39m: [32mServer is listening on port 8000[39m
[32minfo[39m: [32mDatabase connected...[39m
[32minfo[39m: [32mServer is listening on port 8000[39m
[32minfo[39m: [32mDatabase connected...[39m
[32minfo[39m: [32mServer is listening on port 8000[39m
[32minfo[39m: [32mDatabase connected...[39m
[32minfo[39m: [32mServer is listening on port 8000[39m
[32minfo[39m: [32mDatabase connected...[39m
[32minfo[39m: [32mServer is listening on port 8000[39m
[32minfo[39m: [32mDatabase connected...[39m
[32minfo[39m: [32mServer is listening on port 8000[39m
[32minfo[39m: [32mDatabase connected...[39m
[32minfo[39m: [32mServer is listening on port 8000[39m
[32minfo[39m: [32mDatabase connected...[39m
[32minfo[39m: [32mServer is listening on port 8000[39m
[32minfo[39m: [32mDatabase connected...[39m
[32minfo[39m: [32mServer is listening on port 8000[39m
[32minfo[39m: [32mDatabase connected...[39m
[32minfo[39m: [32mServer is listening on port 8000[39m
[32minfo[39m: [32mDatabase connected...[39m
[32minfo[39m: [32mServer is listening on port 8000[39m
[32minfo[39m: [32mDatabase connected...[39m
[32minfo[39m: [32mServer is listening on port 8000[39m
[32minfo[39m: [32mDatabase connected...[39m
[32minfo[39m: [32mServer is listening on port 8000[39m
[32minfo[39m: [32mDatabase connected...[39m
[32minfo[39m: [32mServer is listening on port 8000[39m
[32minfo[39m: [32mDatabase connected...[39m
[32minfo[39m: [32mServer is listening on port 8000[39m
[32minfo[39m: [32mDatabase connected...[39m
[32minfo[39m: [32mServer is listening on port 8000[39m
[32minfo[39m: [32mDatabase connected...[39m
[32minfo[39m: [32mServer is listening on port 8000[39m
[32minfo[39m: [32mDatabase connected...[39m
[32minfo[39m: [32mServer is listening on port 8000[39m
[32minfo[39m: [32mDatabase connected...[39m
[32minfo[39m: [32mServer is listening on port 8000[39m
[32minfo[39m: [32mDatabase connected...[39m
[32minfo[39m: [32mServer is listening on port 8000[39m
[32minfo[39m: [32mDatabase connected...[39m
[32minfo[39m: [32mServer is listening on port 8000[39m
[32minfo[39m: [32mDatabase connected...[39m
[32minfo[39m: [32mServer is listening on port 8000[39m
[32minfo[39m: [32mDatabase connected...[39m
[32minfo[39m: [32mServer is listening on port 8000[39m
[32minfo[39m: [32mDatabase connected...[39m
[32minfo[39m: [32mServer is listening on port 8000[39m
[32minfo[39m: [32mDatabase connected...[39m
[32minfo[39m: [32mServer is listening on port 8000[39m
[31merror[39m: [31m[ERROR] - Status: 400- Msg: email must be an email[39m
[31merror[39m: [31m[ERROR] - Status: 400- Msg: email must be an email, password must be longer than or equal to 6 characters,password should not be empty[39m
[31merror[39m: [31m[ERROR] - Status: 400- Msg: email must be an email[39m
[32minfo[39m: [32mDatabase connected...[39m
[32minfo[39m: [32mServer is listening on port 8000[39m
[31merror[39m: [31m[ERROR] - Status: 400- Msg: email must be an email[39m
[32minfo[39m: [32mDatabase connected...[39m
[32minfo[39m: [32mServer is listening on port 8000[39m
[31merror[39m: [31m[ERROR] - Status: 500- Msg: Cannot read properties of undefined (reading 'constructor')[39m
[32minfo[39m: [32mDatabase connected...[39m
[32minfo[39m: [32mServer is listening on port 8000[39m
[31merror[39m: [31m[ERROR] - Status: 400- Msg: email must be an email[39m
[32minfo[39m: [32mDatabase connected...[39m
[32minfo[39m: [32mServer is listening on port 8000[39m
[31merror[39m: [31m[ERROR] - Status: 400- Msg: email must be an email[39m
[32minfo[39m: [32mDatabase connected...[39m
[32minfo[39m: [32mServer is listening on port 8000[39m
[31merror[39m: [31m[ERROR] - Status: 600- Msg: email must be an email[39m
[32minfo[39m: [32mDatabase connected...[39m
[32minfo[39m: [32mServer is listening on port 8000[39m
[32minfo[39m: [32mDatabase connected...[39m
[32minfo[39m: [32mServer is listening on port 8000[39m
[32minfo[39m: [32mDatabase connected...[39m
[32minfo[39m: [32mServer is listening on port 8000[39m
[31merror[39m: [31m[ERROR] - Status: 400- Msg: email must be an email[39m
[31merror[39m: [31m[ERROR] - Status: 400- Msg: email must be an email[39m
[31merror[39m: [31m[ERROR] - Status: 400- Msg: email must be an email[39m
[32minfo[39m: [32mDatabase connected...[39m
[32minfo[39m: [32mServer is listening on port 8000[39m
[32minfo[39m: [32mDatabase connected...[39m
[32minfo[39m: [32mServer is listening on port 8000[39m
[31merror[39m: [31m[ERROR] message: eyJhbGciOiJIUzI1NiIsInR5cCI6IkpXVCJ9.eyJpZCI6IjY1ZjZhMjhkNWYyZmRkOGRmYWFiOWFhMiIsImlhdCI6MTcxMDY2MjI4NSwiZXhwIjoxNzEwNjYyMzQ1fQ.8r8IQerK7UtijVUM55GvvdQ016VWJRuId1dUUgD8Gxg[39m
[32minfo[39m: [32m{[39m
[32m  _id: new ObjectId('65f6a28d5f2fdd8dfaab9aa4'),[39m
[32m  user: {[39m
[32m    _id: new ObjectId('65f6a28d5f2fdd8dfaab9aa2'),[39m
[32m    first_name: 'Quan',[39m
[32m    last_name: 'Nguyen',[39m
[32m    email: 'quanbee.dev@gmail.com',[39m
[32m    password: '$2a$10$xR1eDrCBCQx0pM81EwhkBeOBxO1bM5HdAb64ZEY0tzPQXDAbZehXG',[39m
[32m    avatar: '//www.gravatar.com/avatar/a477ca9a26749292fed672ae32200ded?size=200&rating=g&default=mm',[39m
[32m    date: 2024-03-17T07:58:05.774Z,[39m
[32m    __v: 0[39m
[32m  },[39m
[32m  token: 'd8f3a82b35c5f493124eeb5ee13152dae5214d1602ef0cee7bd5236e40f4f3f3fa1b3e210a24cca6',[39m
[32m  created: 2024-03-17T07:58:05.829Z,[39m
[32m  __v: 0[39m
[32m}[39m
[31merror[39m: [31m[ERROR] - Status: 500- Msg: Cannot read properties of undefined (reading 'getTime')[39m
[32minfo[39m: [32mDatabase connected...[39m
[32minfo[39m: [32mServer is listening on port 8000[39m
[32minfo[39m: [32m{[39m
[32m  _id: new ObjectId('65f6a28d5f2fdd8dfaab9aa4'),[39m
[32m  user: {[39m
[32m    _id: new ObjectId('65f6a28d5f2fdd8dfaab9aa2'),[39m
[32m    first_name: 'Quan',[39m
[32m    last_name: 'Nguyen',[39m
[32m    email: 'quanbee.dev@gmail.com',[39m
[32m    password: '$2a$10$xR1eDrCBCQx0pM81EwhkBeOBxO1bM5HdAb64ZEY0tzPQXDAbZehXG',[39m
[32m    avatar: '//www.gravatar.com/avatar/a477ca9a26749292fed672ae32200ded?size=200&rating=g&default=mm',[39m
[32m    date: 2024-03-17T07:58:05.774Z,[39m
[32m    __v: 0[39m
[32m  },[39m
[32m  token: 'd8f3a82b35c5f493124eeb5ee13152dae5214d1602ef0cee7bd5236e40f4f3f3fa1b3e210a24cca6',[39m
[32m  created: 2024-03-17T07:58:05.829Z,[39m
[32m  __v: 0[39m
[32m}[39m
[31merror[39m: [31m[ERROR] - Status: 500- Msg: Cannot read properties of undefined (reading 'getTime')[39m
[32minfo[39m: [32mDatabase connected...[39m
[32minfo[39m: [32mServer is listening on port 8000[39m
[32minfo[39m: [32mDatabase connected...[39m
[32minfo[39m: [32mServer is listening on port 8000[39m
[32minfo[39m: [32mDatabase connected...[39m
[32minfo[39m: [32mServer is listening on port 8000[39m
[32minfo[39m: [32mnull[39m
[31merror[39m: [31m[ERROR] - Status: 400- Msg: Invalid refresh token[39m
[32minfo[39m: [32m{[39m
[32m  _id: new ObjectId('65f6a28d5f2fdd8dfaab9aa4'),[39m
[32m  user: {[39m
[32m    _id: new ObjectId('65f6a28d5f2fdd8dfaab9aa2'),[39m
[32m    first_name: 'Quan',[39m
[32m    last_name: 'Nguyen',[39m
[32m    email: 'quanbee.dev@gmail.com',[39m
[32m    password: '$2a$10$xR1eDrCBCQx0pM81EwhkBeOBxO1bM5HdAb64ZEY0tzPQXDAbZehXG',[39m
[32m    avatar: '//www.gravatar.com/avatar/a477ca9a26749292fed672ae32200ded?size=200&rating=g&default=mm',[39m
[32m    date: 2024-03-17T07:58:05.774Z,[39m
[32m    __v: 0[39m
[32m  },[39m
[32m  token: 'd8f3a82b35c5f493124eeb5ee13152dae5214d1602ef0cee7bd5236e40f4f3f3fa1b3e210a24cca6',[39m
[32m  created: 2024-03-17T07:58:05.829Z,[39m
[32m  __v: 0[39m
[32m}[39m
[31merror[39m: [31m[ERROR] - Status: 500- Msg: Cannot read properties of undefined (reading 'getTime')[39m
[32minfo[39m: [32mDatabase connected...[39m
[32minfo[39m: [32mServer is listening on port 8000[39m
[32minfo[39m: [32m{[39m
[32m  _id: new ObjectId('65f6a28d5f2fdd8dfaab9aa4'),[39m
[32m  user: {[39m
[32m    _id: new ObjectId('65f6a28d5f2fdd8dfaab9aa2'),[39m
[32m    first_name: 'Quan',[39m
[32m    last_name: 'Nguyen',[39m
[32m    email: 'quanbee.dev@gmail.com',[39m
[32m    password: '$2a$10$xR1eDrCBCQx0pM81EwhkBeOBxO1bM5HdAb64ZEY0tzPQXDAbZehXG',[39m
[32m    avatar: '//www.gravatar.com/avatar/a477ca9a26749292fed672ae32200ded?size=200&rating=g&default=mm',[39m
[32m    date: 2024-03-17T07:58:05.774Z,[39m
[32m    __v: 0[39m
[32m  },[39m
[32m  token: 'd8f3a82b35c5f493124eeb5ee13152dae5214d1602ef0cee7bd5236e40f4f3f3fa1b3e210a24cca6',[39m
[32m  created: 2024-03-17T07:58:05.829Z,[39m
[32m  __v: 0[39m
[32m}[39m
[31merror[39m: [31m[ERROR] - Status: 500- Msg: Cannot read properties of undefined (reading 'getTime')[39m
[32minfo[39m: [32m{[39m
[32m  _id: new ObjectId('65f6a28d5f2fdd8dfaab9aa4'),[39m
[32m  user: {[39m
[32m    _id: new ObjectId('65f6a28d5f2fdd8dfaab9aa2'),[39m
[32m    first_name: 'Quan',[39m
[32m    last_name: 'Nguyen',[39m
[32m    email: 'quanbee.dev@gmail.com',[39m
[32m    password: '$2a$10$xR1eDrCBCQx0pM81EwhkBeOBxO1bM5HdAb64ZEY0tzPQXDAbZehXG',[39m
[32m    avatar: '//www.gravatar.com/avatar/a477ca9a26749292fed672ae32200ded?size=200&rating=g&default=mm',[39m
[32m    date: 2024-03-17T07:58:05.774Z,[39m
[32m    __v: 0[39m
[32m  },[39m
[32m  token: 'd8f3a82b35c5f493124eeb5ee13152dae5214d1602ef0cee7bd5236e40f4f3f3fa1b3e210a24cca6',[39m
[32m  created: 2024-03-17T07:58:05.829Z,[39m
[32m  __v: 0[39m
[32m}[39m
[31merror[39m: [31m[ERROR] - Status: 500- Msg: Cannot read properties of undefined (reading 'getTime')[39m
[32minfo[39m: [32mDatabase connected...[39m
[32minfo[39m: [32mServer is listening on port 8000[39m
[32minfo[39m: [32m{[39m
[32m  _id: new ObjectId('65f6a28d5f2fdd8dfaab9aa4'),[39m
[32m  user: {[39m
[32m    _id: new ObjectId('65f6a28d5f2fdd8dfaab9aa2'),[39m
[32m    first_name: 'Quan',[39m
[32m    last_name: 'Nguyen',[39m
[32m    email: 'quanbee.dev@gmail.com',[39m
[32m    password: '$2a$10$xR1eDrCBCQx0pM81EwhkBeOBxO1bM5HdAb64ZEY0tzPQXDAbZehXG',[39m
[32m    avatar: '//www.gravatar.com/avatar/a477ca9a26749292fed672ae32200ded?size=200&rating=g&default=mm',[39m
[32m    date: 2024-03-17T07:58:05.774Z,[39m
[32m    __v: 0[39m
[32m  },[39m
[32m  token: 'd8f3a82b35c5f493124eeb5ee13152dae5214d1602ef0cee7bd5236e40f4f3f3fa1b3e210a24cca6',[39m
[32m  created: 2024-03-17T07:58:05.829Z,[39m
[32m  __v: 0[39m
[32m}[39m
[31merror[39m: [31m[ERROR] - Status: 500- Msg: Cannot read properties of undefined (reading 'getTime')[39m
[32minfo[39m: [32mDatabase connected...[39m
[32minfo[39m: [32mServer is listening on port 8000[39m
[32minfo[39m: [32m{[39m
[32m  _id: new ObjectId('65f6a28d5f2fdd8dfaab9aa4'),[39m
[32m  user: {[39m
[32m    _id: new ObjectId('65f6a28d5f2fdd8dfaab9aa2'),[39m
[32m    first_name: 'Quan',[39m
[32m    last_name: 'Nguyen',[39m
[32m    email: 'quanbee.dev@gmail.com',[39m
[32m    password: '$2a$10$xR1eDrCBCQx0pM81EwhkBeOBxO1bM5HdAb64ZEY0tzPQXDAbZehXG',[39m
[32m    avatar: '//www.gravatar.com/avatar/a477ca9a26749292fed672ae32200ded?size=200&rating=g&default=mm',[39m
[32m    date: 2024-03-17T07:58:05.774Z,[39m
[32m    __v: 0[39m
[32m  },[39m
[32m  token: 'd8f3a82b35c5f493124eeb5ee13152dae5214d1602ef0cee7bd5236e40f4f3f3fa1b3e210a24cca6',[39m
[32m  created: 2024-03-17T07:58:05.829Z,[39m
[32m  __v: 0[39m
[32m}[39m
[31merror[39m: [31m[ERROR] - Status: 500- Msg: Cannot read properties of undefined (reading 'getDate')[39m
[32minfo[39m: [32mDatabase connected...[39m
[32minfo[39m: [32mServer is listening on port 8000[39m
[32minfo[39m: [32m{[39m
[32m  _id: new ObjectId('65f6a28d5f2fdd8dfaab9aa4'),[39m
[32m  user: {[39m
[32m    _id: new ObjectId('65f6a28d5f2fdd8dfaab9aa2'),[39m
[32m    first_name: 'Quan',[39m
[32m    last_name: 'Nguyen',[39m
[32m    email: 'quanbee.dev@gmail.com',[39m
[32m    password: '$2a$10$xR1eDrCBCQx0pM81EwhkBeOBxO1bM5HdAb64ZEY0tzPQXDAbZehXG',[39m
[32m    avatar: '//www.gravatar.com/avatar/a477ca9a26749292fed672ae32200ded?size=200&rating=g&default=mm',[39m
[32m    date: 2024-03-17T07:58:05.774Z,[39m
[32m    __v: 0[39m
[32m  },[39m
[32m  token: 'd8f3a82b35c5f493124eeb5ee13152dae5214d1602ef0cee7bd5236e40f4f3f3fa1b3e210a24cca6',[39m
[32m  created: 2024-03-17T07:58:05.829Z,[39m
[32m  __v: 0[39m
[32m}[39m
[31merror[39m: [31m[ERROR] - Status: 500- Msg: Cannot read properties of undefined (reading 'getDate')[39m
[32minfo[39m: [32mDatabase connected...[39m
[32minfo[39m: [32mServer is listening on port 8000[39m
[32minfo[39m: [32m{[39m
[32m  _id: new ObjectId('65f6a28d5f2fdd8dfaab9aa4'),[39m
[32m  user: {[39m
[32m    _id: new ObjectId('65f6a28d5f2fdd8dfaab9aa2'),[39m
[32m    first_name: 'Quan',[39m
[32m    last_name: 'Nguyen',[39m
[32m    email: 'quanbee.dev@gmail.com',[39m
[32m    password: '$2a$10$xR1eDrCBCQx0pM81EwhkBeOBxO1bM5HdAb64ZEY0tzPQXDAbZehXG',[39m
[32m    avatar: '//www.gravatar.com/avatar/a477ca9a26749292fed672ae32200ded?size=200&rating=g&default=mm',[39m
[32m    date: 2024-03-17T07:58:05.774Z,[39m
[32m    __v: 0[39m
[32m  },[39m
[32m  token: 'd8f3a82b35c5f493124eeb5ee13152dae5214d1602ef0cee7bd5236e40f4f3f3fa1b3e210a24cca6',[39m
[32m  created: 2024-03-17T07:58:05.829Z,[39m
[32m  __v: 0[39m
[32m}[39m
[31merror[39m: [31m[ERROR] - Status: 500- Msg: Cannot read properties of undefined (reading 'getDate')[39m
[32minfo[39m: [32mDatabase connected...[39m
[32minfo[39m: [32mServer is listening on port 8000[39m
[32minfo[39m: [32m{[39m
[32m  _id: new ObjectId('65f6a28d5f2fdd8dfaab9aa4'),[39m
[32m  user: {[39m
[32m    _id: new ObjectId('65f6a28d5f2fdd8dfaab9aa2'),[39m
[32m    first_name: 'Quan',[39m
[32m    last_name: 'Nguyen',[39m
[32m    email: 'quanbee.dev@gmail.com',[39m
[32m    password: '$2a$10$xR1eDrCBCQx0pM81EwhkBeOBxO1bM5HdAb64ZEY0tzPQXDAbZehXG',[39m
[32m    avatar: '//www.gravatar.com/avatar/a477ca9a26749292fed672ae32200ded?size=200&rating=g&default=mm',[39m
[32m    date: 2024-03-17T07:58:05.774Z,[39m
[32m    __v: 0[39m
[32m  },[39m
[32m  token: 'd8f3a82b35c5f493124eeb5ee13152dae5214d1602ef0cee7bd5236e40f4f3f3fa1b3e210a24cca6',[39m
[32m  created: 2024-03-17T07:58:05.829Z,[39m
[32m  __v: 0[39m
[32m}[39m
[31merror[39m: [31m[ERROR] - Status: 500- Msg: Cannot read properties of undefined (reading 'getTime')[39m
[32minfo[39m: [32mDatabase connected...[39m
[32minfo[39m: [32mServer is listening on port 8000[39m
[32minfo[39m: [32m{[39m
[32m  _id: new ObjectId('65f6a28d5f2fdd8dfaab9aa4'),[39m
[32m  user: {[39m
[32m    _id: new ObjectId('65f6a28d5f2fdd8dfaab9aa2'),[39m
[32m    first_name: 'Quan',[39m
[32m    last_name: 'Nguyen',[39m
[32m    email: 'quanbee.dev@gmail.com',[39m
[32m    password: '$2a$10$xR1eDrCBCQx0pM81EwhkBeOBxO1bM5HdAb64ZEY0tzPQXDAbZehXG',[39m
[32m    avatar: '//www.gravatar.com/avatar/a477ca9a26749292fed672ae32200ded?size=200&rating=g&default=mm',[39m
[32m    date: 2024-03-17T07:58:05.774Z,[39m
[32m    __v: 0[39m
[32m  },[39m
[32m  token: 'd8f3a82b35c5f493124eeb5ee13152dae5214d1602ef0cee7bd5236e40f4f3f3fa1b3e210a24cca6',[39m
[32m  created: 2024-03-17T07:58:05.829Z,[39m
[32m  __v: 0[39m
[32m}[39m
[31merror[39m: [31m[ERROR] - Status: 500- Msg: Cannot read properties of undefined (reading 'getTime')[39m
[32minfo[39m: [32mDatabase connected...[39m
[32minfo[39m: [32mServer is listening on port 8000[39m
[32minfo[39m: [32mDatabase connected...[39m
[32minfo[39m: [32mServer is listening on port 8000[39m
[32minfo[39m: [32m{[39m
[32m  _id: new ObjectId('65f6a28d5f2fdd8dfaab9aa4'),[39m
[32m  user: {[39m
[32m    _id: new ObjectId('65f6a28d5f2fdd8dfaab9aa2'),[39m
[32m    first_name: 'Quan',[39m
[32m    last_name: 'Nguyen',[39m
[32m    email: 'quanbee.dev@gmail.com',[39m
[32m    password: '$2a$10$xR1eDrCBCQx0pM81EwhkBeOBxO1bM5HdAb64ZEY0tzPQXDAbZehXG',[39m
[32m    avatar: '//www.gravatar.com/avatar/a477ca9a26749292fed672ae32200ded?size=200&rating=g&default=mm',[39m
[32m    date: 2024-03-17T07:58:05.774Z,[39m
[32m    __v: 0[39m
[32m  },[39m
[32m  token: 'd8f3a82b35c5f493124eeb5ee13152dae5214d1602ef0cee7bd5236e40f4f3f3fa1b3e210a24cca6',[39m
[32m  created: 2024-03-17T07:58:05.829Z,[39m
[32m  __v: 0[39m
[32m}[39m
[31merror[39m: [31m[ERROR] - Status: 500- Msg: Cannot read properties of undefined (reading 'getTime')[39m
[32minfo[39m: [32mDatabase connected...[39m
[32minfo[39m: [32mServer is listening on port 8000[39m
[32minfo[39m: [32mDatabase connected...[39m
[32minfo[39m: [32mServer is listening on port 8000[39m
[32minfo[39m: [32m{[39m
[32m  _id: new ObjectId('65f6a28d5f2fdd8dfaab9aa4'),[39m
[32m  user: {[39m
[32m    _id: new ObjectId('65f6a28d5f2fdd8dfaab9aa2'),[39m
[32m    first_name: 'Quan',[39m
[32m    last_name: 'Nguyen',[39m
[32m    email: 'quanbee.dev@gmail.com',[39m
[32m    password: '$2a$10$xR1eDrCBCQx0pM81EwhkBeOBxO1bM5HdAb64ZEY0tzPQXDAbZehXG',[39m
[32m    avatar: '//www.gravatar.com/avatar/a477ca9a26749292fed672ae32200ded?size=200&rating=g&default=mm',[39m
[32m    date: 2024-03-17T07:58:05.774Z,[39m
[32m    __v: 0[39m
[32m  },[39m
[32m  token: 'd8f3a82b35c5f493124eeb5ee13152dae5214d1602ef0cee7bd5236e40f4f3f3fa1b3e210a24cca6',[39m
[32m  created: 2024-03-17T07:58:05.829Z,[39m
[32m  __v: 0[39m
[32m}[39m
[31merror[39m: [31m[ERROR] - Status: 500- Msg: Cannot read properties of undefined (reading 'getTime')[39m
[32minfo[39m: [32mDatabase connected...[39m
[32minfo[39m: [32mServer is listening on port 8000[39m
[32minfo[39m: [32m{[39m
[32m  _id: new ObjectId('65f6a28d5f2fdd8dfaab9aa4'),[39m
[32m  user: {[39m
[32m    _id: new ObjectId('65f6a28d5f2fdd8dfaab9aa2'),[39m
[32m    first_name: 'Quan',[39m
[32m    last_name: 'Nguyen',[39m
[32m    email: 'quanbee.dev@gmail.com',[39m
[32m    password: '$2a$10$xR1eDrCBCQx0pM81EwhkBeOBxO1bM5HdAb64ZEY0tzPQXDAbZehXG',[39m
[32m    avatar: '//www.gravatar.com/avatar/a477ca9a26749292fed672ae32200ded?size=200&rating=g&default=mm',[39m
[32m    date: 2024-03-17T07:58:05.774Z,[39m
[32m    __v: 0[39m
[32m  },[39m
[32m  token: 'd8f3a82b35c5f493124eeb5ee13152dae5214d1602ef0cee7bd5236e40f4f3f3fa1b3e210a24cca6',[39m
[32m  created: 2024-03-17T07:58:05.829Z,[39m
[32m  __v: 0[39m
[32m}[39m
[31merror[39m: [31m[ERROR] - Status: 500- Msg: Cannot read properties of undefined (reading 'getTime')[39m
[32minfo[39m: [32mDatabase connected...[39m
[32minfo[39m: [32mServer is listening on port 8000[39m
[32minfo[39m: [32m{[39m
[32m  _id: new ObjectId('65f6a28d5f2fdd8dfaab9aa4'),[39m
[32m  user: {[39m
[32m    _id: new ObjectId('65f6a28d5f2fdd8dfaab9aa2'),[39m
[32m    first_name: 'Quan',[39m
[32m    last_name: 'Nguyen',[39m
[32m    email: 'quanbee.dev@gmail.com',[39m
[32m    password: '$2a$10$xR1eDrCBCQx0pM81EwhkBeOBxO1bM5HdAb64ZEY0tzPQXDAbZehXG',[39m
[32m    avatar: '//www.gravatar.com/avatar/a477ca9a26749292fed672ae32200ded?size=200&rating=g&default=mm',[39m
[32m    date: 2024-03-17T07:58:05.774Z,[39m
[32m    __v: 0[39m
[32m  },[39m
[32m  token: 'd8f3a82b35c5f493124eeb5ee13152dae5214d1602ef0cee7bd5236e40f4f3f3fa1b3e210a24cca6',[39m
[32m  created: 2024-03-17T07:58:05.829Z,[39m
[32m  __v: 0[39m
[32m}[39m
[31merror[39m: [31m[ERROR] - Status: 500- Msg: Cannot read properties of undefined (reading 'getTime')[39m
[32minfo[39m: [32m{[39m
[32m  _id: new ObjectId('65f6a28d5f2fdd8dfaab9aa4'),[39m
[32m  user: {[39m
[32m    _id: new ObjectId('65f6a28d5f2fdd8dfaab9aa2'),[39m
[32m    first_name: 'Quan',[39m
[32m    last_name: 'Nguyen',[39m
[32m    email: 'quanbee.dev@gmail.com',[39m
[32m    password: '$2a$10$xR1eDrCBCQx0pM81EwhkBeOBxO1bM5HdAb64ZEY0tzPQXDAbZehXG',[39m
[32m    avatar: '//www.gravatar.com/avatar/a477ca9a26749292fed672ae32200ded?size=200&rating=g&default=mm',[39m
[32m    date: 2024-03-17T07:58:05.774Z,[39m
[32m    __v: 0[39m
[32m  },[39m
[32m  token: 'd8f3a82b35c5f493124eeb5ee13152dae5214d1602ef0cee7bd5236e40f4f3f3fa1b3e210a24cca6',[39m
[32m  created: 2024-03-17T07:58:05.829Z,[39m
[32m  __v: 0[39m
[32m}[39m
[31merror[39m: [31m[ERROR] - Status: 500- Msg: Cannot read properties of undefined (reading 'getTime')[39m
[32minfo[39m: [32mDatabase connected...[39m
[32minfo[39m: [32mServer is listening on port 8000[39m
[32minfo[39m: [32mDatabase connected...[39m
[32minfo[39m: [32mServer is listening on port 8000[39m
[32minfo[39m: [32m{[39m
[32m  _id: new ObjectId('65f6a28d5f2fdd8dfaab9aa4'),[39m
[32m  user: {[39m
[32m    _id: new ObjectId('65f6a28d5f2fdd8dfaab9aa2'),[39m
[32m    first_name: 'Quan',[39m
[32m    last_name: 'Nguyen',[39m
[32m    email: 'quanbee.dev@gmail.com',[39m
[32m    password: '$2a$10$xR1eDrCBCQx0pM81EwhkBeOBxO1bM5HdAb64ZEY0tzPQXDAbZehXG',[39m
[32m    avatar: '//www.gravatar.com/avatar/a477ca9a26749292fed672ae32200ded?size=200&rating=g&default=mm',[39m
[32m    date: 2024-03-17T07:58:05.774Z,[39m
[32m    __v: 0[39m
[32m  },[39m
[32m  token: 'd8f3a82b35c5f493124eeb5ee13152dae5214d1602ef0cee7bd5236e40f4f3f3fa1b3e210a24cca6',[39m
[32m  created: 2024-03-17T07:58:05.829Z,[39m
[32m  __v: 0[39m
[32m}[39m
[31merror[39m: [31m[ERROR] - Status: 500- Msg: Cannot read properties of undefined (reading 'getTime')[39m
[32minfo[39m: [32mDatabase connected...[39m
[32minfo[39m: [32mServer is listening on port 8000[39m
[32minfo[39m: [32m{[39m
[32m  _id: new ObjectId('65f6a28d5f2fdd8dfaab9aa4'),[39m
[32m  user: {[39m
[32m    _id: new ObjectId('65f6a28d5f2fdd8dfaab9aa2'),[39m
[32m    first_name: 'Quan',[39m
[32m    last_name: 'Nguyen',[39m
[32m    email: 'quanbee.dev@gmail.com',[39m
[32m    password: '$2a$10$xR1eDrCBCQx0pM81EwhkBeOBxO1bM5HdAb64ZEY0tzPQXDAbZehXG',[39m
[32m    avatar: '//www.gravatar.com/avatar/a477ca9a26749292fed672ae32200ded?size=200&rating=g&default=mm',[39m
[32m    date: 2024-03-17T07:58:05.774Z,[39m
[32m    __v: 0[39m
[32m  },[39m
[32m  token: 'd8f3a82b35c5f493124eeb5ee13152dae5214d1602ef0cee7bd5236e40f4f3f3fa1b3e210a24cca6',[39m
[32m  created: 2024-03-17T07:58:05.829Z,[39m
[32m  __v: 0[39m
[32m}[39m
[31merror[39m: [31m[ERROR] - Status: 500- Msg: Cannot read properties of undefined (reading 'getTime')[39m
[32minfo[39m: [32mDatabase connected...[39m
[32minfo[39m: [32mServer is listening on port 8000[39m
[32minfo[39m: [32mDatabase connected...[39m
[32minfo[39m: [32mServer is listening on port 8000[39m
[32minfo[39m: [32mDatabase connected...[39m
[32minfo[39m: [32mServer is listening on port 8000[39m
[32minfo[39m: [32mDatabase connected...[39m
[32minfo[39m: [32mServer is listening on port 8000[39m
[32minfo[39m: [32m{[39m
[32m  _id: new ObjectId('65f6a28d5f2fdd8dfaab9aa4'),[39m
[32m  user: {[39m
[32m    _id: new ObjectId('65f6a28d5f2fdd8dfaab9aa2'),[39m
[32m    first_name: 'Quan',[39m
[32m    last_name: 'Nguyen',[39m
[32m    email: 'quanbee.dev@gmail.com',[39m
[32m    password: '$2a$10$xR1eDrCBCQx0pM81EwhkBeOBxO1bM5HdAb64ZEY0tzPQXDAbZehXG',[39m
[32m    avatar: '//www.gravatar.com/avatar/a477ca9a26749292fed672ae32200ded?size=200&rating=g&default=mm',[39m
[32m    date: 2024-03-17T07:58:05.774Z,[39m
[32m    __v: 0[39m
[32m  },[39m
[32m  token: 'd8f3a82b35c5f493124eeb5ee13152dae5214d1602ef0cee7bd5236e40f4f3f3fa1b3e210a24cca6',[39m
[32m  created: 2024-03-17T07:58:05.829Z,[39m
[32m  __v: 0[39m
[32m}[39m
[32minfo[39m: [32mDatabase connected...[39m
[32minfo[39m: [32mServer is listening on port 8000[39m
[32minfo[39m: [32mDatabase connected...[39m
[32minfo[39m: [32mServer is listening on port 8000[39m
[32minfo[39m: [32mDatabase connected...[39m
[32minfo[39m: [32mServer is listening on port 8000[39m
[32minfo[39m: [32m{[39m
[32m  _id: new ObjectId('65f6b76694f6fb5009bebbff'),[39m
[32m  user: {[39m
[32m    _id: new ObjectId('65f6b76694f6fb5009bebbfd'),[39m
[32m    first_name: 'Quan',[39m
[32m    last_name: 'Nguyen',[39m
[32m    email: 'quan123@gmail.com',[39m
[32m    password: '$2a$10$jluIWLeiUKj9d949ww2Fg.6Dk3x2BptoA9Op3agLFzgQm13XUBGdq',[39m
[32m    avatar: '//www.gravatar.com/avatar/f6efd6d19e92438257ef85663ac64717?size=200&rating=g&default=mm',[39m
[32m    date: 2024-03-17T09:27:02.099Z,[39m
[32m    __v: 0[39m
[32m  },[39m
[32m  token: '79fb9b1f213729b3824aae682da4040ec5e1133b5981a0bcd13352faa4f029303b0ccb6a908d5e3b',[39m
[32m  expires: 2024-03-24T09:27:02.149Z,[39m
[32m  created: 2024-03-17T09:27:02.150Z,[39m
[32m  __v: 0[39m
[32m}[39m
[32minfo[39m: [32mDatabase connected...[39m
[32minfo[39m: [32mServer is listening on port 8000[39m
[31merror[39m: [31m[ERROR] message: ahswrhioawerhaewr[39m
[31merror[39m: [31m[ERROR] message: eyJhbGciOiJIUzI1NiIsInR5cCI6IkpXVCJ9.eyJpZCI6eyJfaWQiOiI2NWY2Yjc2Njk0ZjZmYjUwMDliZWJiZmQiLCJmaXJzdF9uYW1lIjoiUXVhbiIsImxhc3RfbmFtZSI6Ik5ndXllbiIsImVtYWlsIjoicXVhbjEyM0BnbWFpbC5jb20iLCJwYXNzd29yZCI6IiQyYSQxMCRqbHVJV0xlaVVLajlkOTQ5d3cyRmcuNkRrM3gyQnB0b0E5T3AzYWdMRnpnUW0xM1hVQkdkcSIsImF2YXRhciI6Ii8vd3d3LmdyYXZhdGFyLmNvbS9hdmF0YXIvZjZlZmQ2ZDE5ZTkyNDM4MjU3ZWY4NTY2M2FjNjQ3MTc_c2l6ZT0yMDAmcmF0aW5nPWcmZGVmYXVsdD1tbSIsImRhdGUiOiIyMDI0LTAzLTE3VDA5OjI3OjAyLjA5OVoiLCJfX3YiOjB9LCJpYXQiOjE3MTA2Njc2MzUsImV4cCI6MTcxMDY2NzY5NX0.cjY-UwTAUsWmTqRFF3f9ydmMAj4I3QA3xQIYIN1hvw8[39m
[32minfo[39m: [32mDatabase connected...[39m
[32minfo[39m: [32mServer is listening on port 8000[39m
[31merror[39m: [31m[ERROR] message: eyJhbGciOiJIUzI1NiIsInR5cCI6IkpXVCJ9.eyJpZCI6eyJfaWQiOiI2NWY2Yjc2Njk0ZjZmYjUwMDliZWJiZmQiLCJmaXJzdF9uYW1lIjoiUXVhbiIsImxhc3RfbmFtZSI6Ik5ndXllbiIsImVtYWlsIjoicXVhbjEyM0BnbWFpbC5jb20iLCJwYXNzd29yZCI6IiQyYSQxMCRqbHVJV0xlaVVLajlkOTQ5d3cyRmcuNkRrM3gyQnB0b0E5T3AzYWdMRnpnUW0xM1hVQkdkcSIsImF2YXRhciI6Ii8vd3d3LmdyYXZhdGFyLmNvbS9hdmF0YXIvZjZlZmQ2ZDE5ZTkyNDM4MjU3ZWY4NTY2M2FjNjQ3MTc_c2l6ZT0yMDAmcmF0aW5nPWcmZGVmYXVsdD1tbSIsImRhdGUiOiIyMDI0LTAzLTE3VDA5OjI3OjAyLjA5OVoiLCJfX3YiOjB9LCJpYXQiOjE3MTA2Njc2MzUsImV4cCI6MTcxMDY2NzY5NX0.cjY-UwTAUsWmTqRFF3f9ydmMAj4I3QA3xQIYIN1hvw8[39m
[32minfo[39m: [32mDatabase connected...[39m
[32minfo[39m: [32mServer is listening on port 8000[39m
[32minfo[39m: [32mDatabase connected...[39m
[32minfo[39m: [32mServer is listening on port 8000[39m
[31merror[39m: [31m[ERROR] message: jwt expired[39m
[32minfo[39m: [32mDatabase connected...[39m
[32minfo[39m: [32mServer is listening on port 8000[39m
[31merror[39m: [31m[ERROR] message: jwt expired[39m
[32minfo[39m: [32mDatabase connected...[39m
[32minfo[39m: [32mServer is listening on port 8000[39m
[31merror[39m: [31m[ERROR] message: jwt expired[39m
[32minfo[39m: [32m{[39m
[32m  _id: new ObjectId('65f6b76694f6fb5009bebbff'),[39m
[32m  user: {[39m
[32m    _id: new ObjectId('65f6b76694f6fb5009bebbfd'),[39m
[32m    first_name: 'Quan',[39m
[32m    last_name: 'Nguyen',[39m
[32m    email: 'quan123@gmail.com',[39m
[32m    password: '$2a$10$jluIWLeiUKj9d949ww2Fg.6Dk3x2BptoA9Op3agLFzgQm13XUBGdq',[39m
[32m    avatar: '//www.gravatar.com/avatar/f6efd6d19e92438257ef85663ac64717?size=200&rating=g&default=mm',[39m
[32m    date: 2024-03-17T09:27:02.099Z,[39m
[32m    __v: 0[39m
[32m  },[39m
[32m  token: '79fb9b1f213729b3824aae682da4040ec5e1133b5981a0bcd13352faa4f029303b0ccb6a908d5e3b',[39m
[32m  expires: 2024-03-24T09:27:02.149Z,[39m
[32m  created: 2024-03-17T09:27:02.150Z,[39m
[32m  __v: 0,[39m
[32m  revoked: 2024-03-17T09:27:15.712Z[39m
[32m}[39m
[31merror[39m: [31m[ERROR] - Status: 400- Msg: Invalid refresh token[39m
[32minfo[39m: [32m{[39m
[32m  _id: new ObjectId('65f6a28d5f2fdd8dfaab9aa4'),[39m
[32m  user: {[39m
[32m    _id: new ObjectId('65f6a28d5f2fdd8dfaab9aa2'),[39m
[32m    first_name: 'Quan',[39m
[32m    last_name: 'Nguyen',[39m
[32m    email: 'quanbee.dev@gmail.com',[39m
[32m    password: '$2a$10$xR1eDrCBCQx0pM81EwhkBeOBxO1bM5HdAb64ZEY0tzPQXDAbZehXG',[39m
[32m    avatar: '//www.gravatar.com/avatar/a477ca9a26749292fed672ae32200ded?size=200&rating=g&default=mm',[39m
[32m    date: 2024-03-17T07:58:05.774Z,[39m
[32m    __v: 0[39m
[32m  },[39m
[32m  token: 'd8f3a82b35c5f493124eeb5ee13152dae5214d1602ef0cee7bd5236e40f4f3f3fa1b3e210a24cca6',[39m
[32m  created: 2024-03-17T07:58:05.829Z,[39m
[32m  __v: 0,[39m
[32m  revoked: 2024-03-17T09:09:27.033Z[39m
[32m}[39m
[31merror[39m: [31m[ERROR] - Status: 400- Msg: Invalid refresh token[39m
[32minfo[39m: [32mDatabase connected...[39m
[32minfo[39m: [32mServer is listening on port 8000[39m
[32minfo[39m: [32mDatabase connected...[39m
[32minfo[39m: [32mServer is listening on port 8000[39m
[31merror[39m: [31m[ERROR] message: jwt expired[39m
[31merror[39m: [31m[ERROR] message: jwt expired[39m
[32minfo[39m: [32m{[39m
[32m  _id: new ObjectId('65f6a28d5f2fdd8dfaab9aa4'),[39m
[32m  user: {[39m
[32m    _id: new ObjectId('65f6a28d5f2fdd8dfaab9aa2'),[39m
[32m    first_name: 'Quan',[39m
[32m    last_name: 'Nguyen',[39m
[32m    email: 'quanbee.dev@gmail.com',[39m
[32m    password: '$2a$10$xR1eDrCBCQx0pM81EwhkBeOBxO1bM5HdAb64ZEY0tzPQXDAbZehXG',[39m
[32m    avatar: '//www.gravatar.com/avatar/a477ca9a26749292fed672ae32200ded?size=200&rating=g&default=mm',[39m
[32m    date: 2024-03-17T07:58:05.774Z,[39m
[32m    __v: 0[39m
[32m  },[39m
[32m  token: 'd8f3a82b35c5f493124eeb5ee13152dae5214d1602ef0cee7bd5236e40f4f3f3fa1b3e210a24cca6',[39m
[32m  created: 2024-03-17T07:58:05.829Z,[39m
[32m  __v: 0,[39m
[32m  revoked: 2024-03-17T09:09:27.033Z[39m
[32m}[39m
[31merror[39m: [31m[ERROR] - Status: 400- Msg: Invalid refresh token[39m
[31merror[39m: [31m[ERROR] message: jwt expired[39m
[32minfo[39m: [32mDatabase connected...[39m
[32minfo[39m: [32mServer is listening on port 8000[39m
[32minfo[39m: [32mDatabase connected...[39m
[32minfo[39m: [32mServer is listening on port 8000[39m
[32minfo[39m: [32mDatabase connected...[39m
[32minfo[39m: [32mServer is listening on port 8000[39m
